./postliste-lindesnes/scraperwiki.sqlite: ok
./postliste-hoegskolen-i-lillehammer/scraperwiki.sqlite: ok
./postliste-loppa-kommune/scraperwiki.sqlite: ok
./postliste-mrfylke/scraperwiki.sqlite: ok
./postliste-stavanger-universitetssjukehus/scraperwiki.sqlite: ok
./postliste-risr-kommune/scraperwiki.sqlite: Error: near line 1: file is encrypted or is not a database
./postliste-kristiansund/scraperwiki.sqlite: ok
./postliste-bioforsk/scraperwiki.sqlite: ok
./postliste-naroy/scraperwiki.sqlite: ok
./postliste-storfjord/scraperwiki.sqlite: ok
./postliste-hoegskolen-i-volda/scraperwiki.sqlite: ok
./postliste-lenvik/scraperwiki.sqlite: ok
./postliste-hoegskolen-i-telemark/scraperwiki.sqlite: ok
./postliste-sogne/scraperwiki.sqlite: ok
./postliste-oep-deliverydates/scraperwiki.sqlite: ok
./postliste-python-lib/scraperwiki.sqlite: ok
./postliste-ballangen/scraperwiki.sqlite: ok
./postliste-nih/scraperwiki.sqlite: ok
./postliste-halden/scraperwiki.sqlite: ok
./postliste-hoegskolen-i-gjoevik/scraperwiki.sqlite: ok
./postliste-kafjord-kommune/scraperwiki.sqlite: ok
./postliste-lier/scraperwiki.sqlite: ok
./postliste-met/scraperwiki.sqlite: ok
./postliste-hoegskolen-i-nord-troendelag/scraperwiki.sqlite: ok
./postliste-universitetet-i-agder/scraperwiki.sqlite: ok
./postliste-nrk/scraperwiki.sqlite: ok
./postliste-sivilombudsmannen/scraperwiki.sqlite: ok
./postliste-oslo-havn/scraperwiki.sqlite: ok
./postliste-npolar/scraperwiki.sqlite: ok
./postliste-difi/scraperwiki.sqlite: ok
./postliste-stortinget/scraperwiki.sqlite: ok
./postliste-arendal/scraperwiki.sqlite: ok
./postliste-hadsel/scraperwiki.sqlite: ok
./postliste-python-lib-doculive/scraperwiki.sqlite: ok
./postliste-oslo-gravferdsetaten/scraperwiki.sqlite: ok
./postlist-ssb/scraperwiki.sqlite: ok
./postliste-universitetssykehuset-nord-norge/scraperwiki.sqlite: ok
./postliste-universitetet-i-stavanger/scraperwiki.sqlite: ok
./postliste-saltdal/scraperwiki.sqlite: ok
./statens_vegvesen_offentlig_journal/scraperwiki.sqlite: ok
./postliste-ruter/scraperwiki.sqlite: ok
./postliste-oslo-radhusets-forvaltningstjeneste/scraperwiki.sqlite: ok
./postliste-mattilsynet/scraperwiki.sqlite: ok
./postliste-hvaler/scraperwiki.sqlite: ok
./nrks_offentlig_journal_pdf_text_positioning/scraperwiki.sqlite: ok
./postliste-universitetet-i-oslo/scraperwiki.sqlite: ok
./postliste-hole/scraperwiki.sqlite: ok
./postliste-ntnu/scraperwiki.sqlite: ok
./postliste-fredrikstad/scraperwiki.sqlite: ok
./postliste-vikna/scraperwiki.sqlite: ok
./postliste-luftambulanse/scraperwiki.sqlite: ok
./postliste-oslo-bydel-ullern/scraperwiki.sqlite: ok
./postliste-hoegskolen-i-finnmark/scraperwiki.sqlite: ok
